app/build/intermediates/manifest_merge_blame_file/release/manifest-merger-blame-release-report.txt
1<?xml version="1.0" encoding="utf-8"?>
2<manifest xmlns:android="http://schemas.android.com/apk/res/android"
3    package="com.googleresearch.capturesync"
4    android:versionCode="2"
5    android:versionName="1.1" >
6
7    <uses-sdk
8        android:minSdkVersion="28"
8-->src\main\AndroidManifest.xml
9        android:targetSdkVersion="28" />
9-->src\main\AndroidManifest.xml
10
11    <uses-permission android:name="android.permission.CAMERA" />
11-->src\main\AndroidManifest.xml:4:3-63
11-->src\main\AndroidManifest.xml:4:20-60
12    <uses-permission android:name="android.permission.READ_EXTERNAL_STORAGE" />
12-->src\main\AndroidManifest.xml:5:3-77
12-->src\main\AndroidManifest.xml:5:20-75
13    <uses-permission android:name="android.permission.WRITE_EXTERNAL_STORAGE" />
13-->src\main\AndroidManifest.xml:6:3-79
13-->src\main\AndroidManifest.xml:6:20-76
14    <uses-permission android:name="android.permission.INTERNET" />
14-->src\main\AndroidManifest.xml:7:3-64
14-->src\main\AndroidManifest.xml:7:20-62
15    <uses-permission android:name="android.permission.ACCESS_WIFI_STATE" />
15-->src\main\AndroidManifest.xml:8:3-73
15-->src\main\AndroidManifest.xml:8:20-71
16
17    <application
17-->src\main\AndroidManifest.xml:10:3-28:17
18        android:allowBackup="true"
18-->src\main\AndroidManifest.xml:11:7-33
19        android:appComponentFactory="androidx.core.app.CoreComponentFactory"
19-->[androidx.core:core:1.1.0] AndroidManifest.xml:24:18-86
20        android:extractNativeLibs="false"
21        android:icon="@mipmap/ic_launcher"
21-->src\main\AndroidManifest.xml:12:7-41
22        android:label="@string/app_name"
22-->src\main\AndroidManifest.xml:13:7-39
23        android:roundIcon="@mipmap/ic_launcher_round"
23-->src\main\AndroidManifest.xml:14:7-52
24        android:supportsRtl="true"
24-->src\main\AndroidManifest.xml:15:7-33
25        android:theme="@style/AppTheme" >
25-->src\main\AndroidManifest.xml:16:7-38
26        <activity
26-->src\main\AndroidManifest.xml:18:5-27:16
27            android:name="com.googleresearch.capturesync.MainActivity"
27-->src\main\AndroidManifest.xml:19:9-37
28            android:exported="true"
28-->src\main\AndroidManifest.xml:20:9-32
29            android:launchMode="singleInstance"
29-->src\main\AndroidManifest.xml:22:9-44
30            android:screenOrientation="sensorLandscape" >
30-->src\main\AndroidManifest.xml:21:9-52
31            <intent-filter>
31-->src\main\AndroidManifest.xml:23:7-26:23
32                <action android:name="android.intent.action.MAIN" />
32-->src\main\AndroidManifest.xml:24:9-61
32-->src\main\AndroidManifest.xml:24:17-58
33
34                <category android:name="android.intent.category.LAUNCHER" />
34-->src\main\AndroidManifest.xml:25:9-69
34-->src\main\AndroidManifest.xml:25:19-66
35            </intent-filter>
36        </activity>
37    </application>
38
39</manifest>